<?xml version="1.0" encoding="UTF-8"?>
<testng-results ignored="0" total="1" passed="1" failed="0" skipped="0">
  <reporter-output>
  </reporter-output>
  <suite started-at="2020-10-31T08:55:57 IST" name="Default suite" finished-at="2020-10-31T08:56:16 IST" duration-ms="18472">
    <groups>
    </groups>
    <test started-at="2020-10-31T08:55:57 IST" name="Default test" finished-at="2020-10-31T08:56:16 IST" duration-ms="18472">
      <class name="SeleniumDemo.SeleniumDemo.DemoSelenium">
        <test-method is-config="true" signature="testSetup()[pri:0, instance:SeleniumDemo.SeleniumDemo.DemoSelenium@548e6d58]" started-at="2020-10-31T08:55:57 IST" name="testSetup" finished-at="2020-10-31T08:56:12 IST" duration-ms="14995" status="PASS">
          <reporter-output>
          </reporter-output>
        </test-method> <!-- testSetup -->
        <test-method signature="tearDown()[pri:0, instance:SeleniumDemo.SeleniumDemo.DemoSelenium@548e6d58]" started-at="2020-10-31T08:56:16 IST" name="tearDown" finished-at="2020-10-31T08:56:16 IST" duration-ms="22" status="PASS">
          <reporter-output>
          </reporter-output>
        </test-method> <!-- tearDown -->
      </class> <!-- SeleniumDemo.SeleniumDemo.DemoSelenium -->
    </test> <!-- Default test -->
  </suite> <!-- Default suite -->
</testng-results>
